{"numFailedTestSuites":0,"numFailedTests":0,"numPassedTestSuites":13,"numPassedTests":170,"numPendingTestSuites":0,"numPendingTests":0,"numRuntimeErrorTestSuites":0,"numTodoTests":0,"numTotalTestSuites":13,"numTotalTests":170,"openHandles":[],"snapshot":{"added":0,"didUpdate":false,"failure":false,"filesAdded":0,"filesRemoved":0,"filesRemovedList":[],"filesUnmatched":0,"filesUpdated":0,"matched":0,"total":0,"unchecked":0,"uncheckedKeysByFile":[],"unmatched":0,"updated":0},"startTime":1774527209764,"success":true,"testResults":[{"assertionResults":[{"ancestorTitles":["NextAuth con tenantId — authorize"],"duration":235,"failing":false,"failureDetails":[],"failureMessages":[],"fullName":"NextAuth con tenantId — authorize devuelve el tenantId en el objeto usuario tras login exitoso","invocations":1,"location":null,"numPassingAsserts":4,"retryReasons":[],"startAt":1774527210203,"status":"passed","title":"devuelve el tenantId en el objeto usuario tras login exitoso"},{"ancestorTitles":["NextAuth con tenantId — authorize"],"duration":0,"failing":false,"failureDetails":[],"failureMessages":[],"fullName":"NextAuth con tenantId — authorize devuelve null si el usuario no pertenece al tenant del request","invocations":1,"location":null,"numPassingAsserts":1,"retryReasons":[],"startAt":1774527210439,"status":"passed","title":"devuelve null si el usuario no pertenece al tenant del request"},{"ancestorTitles":["NextAuth con tenantId — authorize"],"duration":1,"failing":false,"failureDetails":[],"failureMessages":[],"fullName":"NextAuth con tenantId — authorize busca el usuario filtrando por email y tenantId simultáneamente","invocations":1,"location":null,"numPassingAsserts":1,"retryReasons":[],"startAt":1774527210439,"status":"passed","title":"busca el usuario filtrando por email y tenantId simultáneamente"},{"ancestorTitles":["NextAuth con tenantId — callbacks JWT y Session"],"duration":1,"failing":false,"failureDetails":[],"failureMessages":[],"fullName":"NextAuth con tenantId — callbacks JWT y Session el token JWT incluye tenantId en el primer login","invocations":1,"location":null,"numPassingAsserts":3,"retryReasons":[],"startAt":1774527210440,"status":"passed","title":"el token JWT incluye tenantId en el primer login"},{"ancestorTitles":["NextAuth con tenantId — callbacks JWT y Session"],"duration":0,"failing":false,"failureDetails":[],"failureMessages":[],"fullName":"NextAuth con tenantId — callbacks JWT y Session la sesión expone tenantId al cliente","invocations":1,"location":null,"numPassingAsserts":3,"retryReasons":[],"startAt":1774527210441,"status":"passed","title":"la sesión expone tenantId al cliente"}],"endTime":1774527210442,"message":"","name":"C:\\Users\\anton\\OneDrive - UNIVERSIDAD DE SEVILLA\\Escritorio\\proyecto claude code\\reserva-instalaciones\\src\\__tests__\\api\\auth-tenant.test.ts","startTime":1774527209806,"status":"passed","summary":""},{"assertionResults":[{"ancestorTitles":["Aislamiento entre tenants","GET /api/instalaciones"],"duration":5,"failing":false,"failureDetails":[],"failureMessages":[],"fullName":"Aislamiento entre tenants GET /api/instalaciones solo devuelve instalaciones del tenant del request (x-tenant-id header)","invocations":1,"location":null,"numPassingAsserts":4,"retryReasons":[],"startAt":1774527210566,"status":"passed","title":"solo devuelve instalaciones del tenant del request (x-tenant-id header)"},{"ancestorTitles":["Aislamiento entre tenants","GET /api/instalaciones"],"duration":1,"failing":false,"failureDetails":[],"failureMessages":[],"fullName":"Aislamiento entre tenants GET /api/instalaciones no devuelve instalaciones de otro tenant aunque existan en la BD","invocations":1,"location":null,"numPassingAsserts":3,"retryReasons":[],"startAt":1774527210572,"status":"passed","title":"no devuelve instalaciones de otro tenant aunque existan en la BD"},{"ancestorTitles":["Aislamiento entre tenants","GET /api/avisos"],"duration":1,"failing":false,"failureDetails":[],"failureMessages":[],"fullName":"Aislamiento entre tenants GET /api/avisos solo devuelve avisos del tenant del request","invocations":1,"location":null,"numPassingAsserts":2,"retryReasons":[],"startAt":1774527210573,"status":"passed","title":"solo devuelve avisos del tenant del request"},{"ancestorTitles":["Aislamiento entre tenants","GET /api/avisos"],"duration":0,"failing":false,"failureDetails":[],"failureMessages":[],"fullName":"Aislamiento entre tenants GET /api/avisos no incluye avisos de otro tenant en la respuesta","invocations":1,"location":null,"numPassingAsserts":1,"retryReasons":[],"startAt":1774527210575,"status":"passed","title":"no incluye avisos de otro tenant en la respuesta"},{"ancestorTitles":["Aislamiento entre tenants","GET /api/reservas/mis-reservas"],"duration":1,"failing":false,"failureDetails":[],"failureMessages":[],"fullName":"Aislamiento entre tenants GET /api/reservas/mis-reservas solo devuelve reservas del usuario en su propio tenant","invocations":1,"location":null,"numPassingAsserts":3,"retryReasons":[],"startAt":1774527210575,"status":"passed","title":"solo devuelve reservas del usuario en su propio tenant"},{"ancestorTitles":["Aislamiento entre tenants","GET /api/reservas/mis-reservas"],"duration":1,"failing":false,"failureDetails":[],"failureMessages":[],"fullName":"Aislamiento entre tenants GET /api/reservas/mis-reservas no devuelve reservas de otro tenant aunque compartan userId","invocations":1,"location":null,"numPassingAsserts":3,"retryReasons":[],"startAt":1774527210576,"status":"passed","title":"no devuelve reservas de otro tenant aunque compartan userId"},{"ancestorTitles":["Aislamiento entre tenants","PATCH /api/reservas/[id]/cancelar"],"duration":1,"failing":false,"failureDetails":[],"failureMessages":[],"fullName":"Aislamiento entre tenants PATCH /api/reservas/[id]/cancelar devuelve 404 si la reserva pertenece a otro tenant","invocations":1,"location":null,"numPassingAsserts":2,"retryReasons":[],"startAt":1774527210577,"status":"passed","title":"devuelve 404 si la reserva pertenece a otro tenant"},{"ancestorTitles":["Aislamiento entre tenants","PATCH /api/reservas/[id]/cancelar"],"duration":12,"failing":false,"failureDetails":[],"failureMessages":[],"fullName":"Aislamiento entre tenants PATCH /api/reservas/[id]/cancelar cancela correctamente una reserva del propio tenant","invocations":1,"location":null,"numPassingAsserts":1,"retryReasons":[],"startAt":1774527210578,"status":"passed","title":"cancela correctamente una reserva del propio tenant"},{"ancestorTitles":["Aislamiento entre tenants","GET /api/admin/reservas"],"duration":1,"failing":false,"failureDetails":[],"failureMessages":[],"fullName":"Aislamiento entre tenants GET /api/admin/reservas solo devuelve reservas del tenant del admin autenticado","invocations":1,"location":null,"numPassingAsserts":2,"retryReasons":[],"startAt":1774527210590,"status":"passed","title":"solo devuelve reservas del tenant del admin autenticado"},{"ancestorTitles":["Aislamiento entre tenants","GET /api/admin/reservas"],"duration":1,"failing":false,"failureDetails":[],"failureMessages":[],"fullName":"Aislamiento entre tenants GET /api/admin/reservas no incluye reservas de otro tenant en la respuesta","invocations":1,"location":null,"numPassingAsserts":1,"retryReasons":[],"startAt":1774527210591,"status":"passed","title":"no incluye reservas de otro tenant en la respuesta"},{"ancestorTitles":["Aislamiento entre tenants","GET /api/admin/metricas"],"duration":1,"failing":false,"failureDetails":[],"failureMessages":[],"fullName":"Aislamiento entre tenants GET /api/admin/metricas solo cuenta registros del tenant del admin autenticado","invocations":1,"location":null,"numPassingAsserts":5,"retryReasons":[],"startAt":1774527210592,"status":"passed","title":"solo cuenta registros del tenant del admin autenticado"},{"ancestorTitles":["Aislamiento entre tenants","PATCH /api/avisos/[id]"],"duration":2,"failing":false,"failureDetails":[],"failureMessages":[],"fullName":"Aislamiento entre tenants PATCH /api/avisos/[id] devuelve 404 si el aviso pertenece a otro tenant","invocations":1,"location":null,"numPassingAsserts":2,"retryReasons":[],"startAt":1774527210593,"status":"passed","title":"devuelve 404 si el aviso pertenece a otro tenant"},{"ancestorTitles":["Aislamiento entre tenants","PATCH /api/avisos/[id]"],"duration":1,"failing":false,"failureDetails":[],"failureMessages":[],"fullName":"Aislamiento entre tenants PATCH /api/avisos/[id] actualiza correctamente un aviso del propio tenant","invocations":1,"location":null,"numPassingAsserts":1,"retryReasons":[],"startAt":1774527210595,"status":"passed","title":"actualiza correctamente un aviso del propio tenant"},{"ancestorTitles":["Aislamiento entre tenants","DELETE /api/avisos/[id]"],"duration":0,"failing":false,"failureDetails":[],"failureMessages":[],"fullName":"Aislamiento entre tenants DELETE /api/avisos/[id] devuelve 404 si el aviso pertenece a otro tenant","invocations":1,"location":null,"numPassingAsserts":2,"retryReasons":[],"startAt":1774527210596,"status":"passed","title":"devuelve 404 si el aviso pertenece a otro tenant"},{"ancestorTitles":["Aislamiento entre tenants","DELETE /api/avisos/[id]"],"duration":1,"failing":false,"failureDetails":[],"failureMessages":[],"fullName":"Aislamiento entre tenants DELETE /api/avisos/[id] desactiva correctamente un aviso del propio tenant","invocations":1,"location":null,"numPassingAsserts":1,"retryReasons":[],"startAt":1774527210596,"status":"passed","title":"desactiva correctamente un aviso del propio tenant"}],"endTime":1774527210597,"message":"","name":"C:\\Users\\anton\\OneDrive - UNIVERSIDAD DE SEVILLA\\Escritorio\\proyecto claude code\\reserva-instalaciones\\src\\__tests__\\api\\aislamiento-tenant.test.ts","startTime":1774527210447,"status":"passed","summary":""},{"assertionResults":[{"ancestorTitles":["extraerSlugDelHost"],"duration":0,"failing":false,"failureDetails":[],"failureMessages":[],"fullName":"extraerSlugDelHost devuelve \"desarrollo\" para \"localhost:3000\"","invocations":1,"location":null,"numPassingAsserts":1,"retryReasons":[],"startAt":1774527210634,"status":"passed","title":"devuelve \"desarrollo\" para \"localhost:3000\""},{"ancestorTitles":["extraerSlugDelHost"],"duration":0,"failing":false,"failureDetails":[],"failureMessages":[],"fullName":"extraerSlugDelHost devuelve \"desarrollo\" para \"localhost\" sin puerto","invocations":1,"location":null,"numPassingAsserts":1,"retryReasons":[],"startAt":1774527210634,"status":"passed","title":"devuelve \"desarrollo\" para \"localhost\" sin puerto"},{"ancestorTitles":["extraerSlugDelHost"],"duration":0,"failing":false,"failureDetails":[],"failureMessages":[],"fullName":"extraerSlugDelHost devuelve \"desarrollo\" para \"127.0.0.1:3000\"","invocations":1,"location":null,"numPassingAsserts":1,"retryReasons":[],"startAt":1774527210634,"status":"passed","title":"devuelve \"desarrollo\" para \"127.0.0.1:3000\""},{"ancestorTitles":["extraerSlugDelHost"],"duration":0,"failing":false,"failureDetails":[],"failureMessages":[],"fullName":"extraerSlugDelHost devuelve \"sevilla\" para \"reservas.ayto-sevilla.es\"","invocations":1,"location":null,"numPassingAsserts":1,"retryReasons":[],"startAt":1774527210635,"status":"passed","title":"devuelve \"sevilla\" para \"reservas.ayto-sevilla.es\""},{"ancestorTitles":["extraerSlugDelHost"],"duration":0,"failing":false,"failureDetails":[],"failureMessages":[],"fullName":"extraerSlugDelHost devuelve \"malaga\" para \"reservas.ayto-malaga.es\"","invocations":1,"location":null,"numPassingAsserts":1,"retryReasons":[],"startAt":1774527210635,"status":"passed","title":"devuelve \"malaga\" para \"reservas.ayto-malaga.es\""},{"ancestorTitles":["extraerSlugDelHost"],"duration":0,"failing":false,"failureDetails":[],"failureMessages":[],"fullName":"extraerSlugDelHost devuelve \"granada\" para \"reservas.ayto-granada.es\"","invocations":1,"location":null,"numPassingAsserts":1,"retryReasons":[],"startAt":1774527210635,"status":"passed","title":"devuelve \"granada\" para \"reservas.ayto-granada.es\""},{"ancestorTitles":["extraerSlugDelHost"],"duration":0,"failing":false,"failureDetails":[],"failureMessages":[],"fullName":"extraerSlugDelHost devuelve \"desarrollo\" para hosts no reconocidos","invocations":1,"location":null,"numPassingAsserts":1,"retryReasons":[],"startAt":1774527210635,"status":"passed","title":"devuelve \"desarrollo\" para hosts no reconocidos"},{"ancestorTitles":["extraerSlugDelHost"],"duration":0,"failing":false,"failureDetails":[],"failureMessages":[],"fullName":"extraerSlugDelHost devuelve \"desarrollo\" para host vacío","invocations":1,"location":null,"numPassingAsserts":1,"retryReasons":[],"startAt":1774527210635,"status":"passed","title":"devuelve \"desarrollo\" para host vacío"},{"ancestorTitles":["obtenerTenantIdPorSlug"],"duration":0,"failing":false,"failureDetails":[],"failureMessages":[],"fullName":"obtenerTenantIdPorSlug devuelve el id correcto para un slug existente con estado ACTIVO","invocations":1,"location":null,"numPassingAsserts":1,"retryReasons":[],"startAt":1774527210636,"status":"passed","title":"devuelve el id correcto para un slug existente con estado ACTIVO"},{"ancestorTitles":["obtenerTenantIdPorSlug"],"duration":0,"failing":false,"failureDetails":[],"failureMessages":[],"fullName":"obtenerTenantIdPorSlug devuelve null para un slug que no existe","invocations":1,"location":null,"numPassingAsserts":1,"retryReasons":[],"startAt":1774527210636,"status":"passed","title":"devuelve null para un slug que no existe"},{"ancestorTitles":["obtenerTenantIdPorSlug"],"duration":0,"failing":false,"failureDetails":[],"failureMessages":[],"fullName":"obtenerTenantIdPorSlug devuelve null para un tenant con estado SUSPENDIDO","invocations":1,"location":null,"numPassingAsserts":2,"retryReasons":[],"startAt":1774527210636,"status":"passed","title":"devuelve null para un tenant con estado SUSPENDIDO"},{"ancestorTitles":["obtenerTenantIdPorSlug"],"duration":0,"failing":false,"failureDetails":[],"failureMessages":[],"fullName":"obtenerTenantIdPorSlug consulta prisma con el slug y estado ACTIVO correctos","invocations":1,"location":null,"numPassingAsserts":1,"retryReasons":[],"startAt":1774527210637,"status":"passed","title":"consulta prisma con el slug y estado ACTIVO correctos"}],"endTime":1774527210637,"message":"","name":"C:\\Users\\anton\\OneDrive - UNIVERSIDAD DE SEVILLA\\Escritorio\\proyecto claude code\\reserva-instalaciones\\src\\__tests__\\api\\tenant.test.ts","startTime":1774527210601,"status":"passed","summary":""},{"assertionResults":[{"ancestorTitles":["POST /api/reservas"],"duration":2,"failing":false,"failureDetails":[],"failureMessages":[],"fullName":"POST /api/reservas debería devolver 401 cuando el usuario no está autenticado","invocations":1,"location":null,"numPassingAsserts":2,"retryReasons":[],"startAt":1774527210701,"status":"passed","title":"debería devolver 401 cuando el usuario no está autenticado"},{"ancestorTitles":["POST /api/reservas"],"duration":1,"failing":false,"failureDetails":[],"failureMessages":[],"fullName":"POST /api/reservas debería devolver 400 cuando faltan campos obligatorios en el cuerpo","invocations":1,"location":null,"numPassingAsserts":2,"retryReasons":[],"startAt":1774527210703,"status":"passed","title":"debería devolver 400 cuando faltan campos obligatorios en el cuerpo"},{"ancestorTitles":["POST /api/reservas"],"duration":0,"failing":false,"failureDetails":[],"failureMessages":[],"fullName":"POST /api/reservas debería devolver 400 cuando la horaInicio está fuera del rango permitido (antes de 08:00)","invocations":1,"location":null,"numPassingAsserts":2,"retryReasons":[],"startAt":1774527210704,"status":"passed","title":"debería devolver 400 cuando la horaInicio está fuera del rango permitido (antes de 08:00)"},{"ancestorTitles":["POST /api/reservas"],"duration":1,"failing":false,"failureDetails":[],"failureMessages":[],"fullName":"POST /api/reservas debería devolver 400 cuando horaInicio es una hora en punto no válida como \"10:00\" (no es slot)","invocations":1,"location":null,"numPassingAsserts":2,"retryReasons":[],"startAt":1774527210704,"status":"passed","title":"debería devolver 400 cuando horaInicio es una hora en punto no válida como \"10:00\" (no es slot)"},{"ancestorTitles":["POST /api/reservas"],"duration":0,"failing":false,"failureDetails":[],"failureMessages":[],"fullName":"POST /api/reservas debería devolver 400 cuando horaInicio es \"14:00\" (está en la pausa del mediodía)","invocations":1,"location":null,"numPassingAsserts":2,"retryReasons":[],"startAt":1774527210705,"status":"passed","title":"debería devolver 400 cuando horaInicio es \"14:00\" (está en la pausa del mediodía)"},{"ancestorTitles":["POST /api/reservas"],"duration":2,"failing":false,"failureDetails":[],"failureMessages":[],"fullName":"POST /api/reservas debería devolver 201 cuando horaInicio es \"11:45\" (slot válido con minutos)","invocations":1,"location":null,"numPassingAsserts":3,"retryReasons":[],"startAt":1774527210705,"status":"passed","title":"debería devolver 201 cuando horaInicio es \"11:45\" (slot válido con minutos)"},{"ancestorTitles":["POST /api/reservas"],"duration":0,"failing":false,"failureDetails":[],"failureMessages":[],"fullName":"POST /api/reservas debería devolver 201 cuando horaInicio es \"09:15\" (slot válido con minutos)","invocations":1,"location":null,"numPassingAsserts":3,"retryReasons":[],"startAt":1774527210707,"status":"passed","title":"debería devolver 201 cuando horaInicio es \"09:15\" (slot válido con minutos)"},{"ancestorTitles":["POST /api/reservas"],"duration":1,"failing":false,"failureDetails":[],"failureMessages":[],"fullName":"POST /api/reservas debería devolver 404 cuando la instalación no existe o está inactiva","invocations":1,"location":null,"numPassingAsserts":2,"retryReasons":[],"startAt":1774527210707,"status":"passed","title":"debería devolver 404 cuando la instalación no existe o está inactiva"},{"ancestorTitles":["POST /api/reservas"],"duration":1,"failing":false,"failureDetails":[],"failureMessages":[],"fullName":"POST /api/reservas debería devolver 409 cuando el ciudadano ya tiene 2 reservas activas","invocations":1,"location":null,"numPassingAsserts":2,"retryReasons":[],"startAt":1774527210708,"status":"passed","title":"debería devolver 409 cuando el ciudadano ya tiene 2 reservas activas"},{"ancestorTitles":["POST /api/reservas"],"duration":1,"failing":false,"failureDetails":[],"failureMessages":[],"fullName":"POST /api/reservas debería devolver 409 cuando el slot ya está ocupado (detectado en la transacción)","invocations":1,"location":null,"numPassingAsserts":2,"retryReasons":[],"startAt":1774527210709,"status":"passed","title":"debería devolver 409 cuando el slot ya está ocupado (detectado en la transacción)"},{"ancestorTitles":["POST /api/reservas"],"duration":1,"failing":false,"failureDetails":[],"failureMessages":[],"fullName":"POST /api/reservas debería devolver 201 y la reserva cuando todos los datos son correctos","invocations":1,"location":null,"numPassingAsserts":3,"retryReasons":[],"startAt":1774527210710,"status":"passed","title":"debería devolver 201 y la reserva cuando todos los datos son correctos"}],"endTime":1774527210711,"message":"","name":"C:\\Users\\anton\\OneDrive - UNIVERSIDAD DE SEVILLA\\Escritorio\\proyecto claude code\\reserva-instalaciones\\src\\__tests__\\api\\reservas.test.ts","startTime":1774527210643,"status":"passed","summary":""},{"assertionResults":[{"ancestorTitles":["Admin API Routes — Bloque 3: Panel de Administración","GET /api/admin/metricas"],"duration":1,"failing":false,"failureDetails":[],"failureMessages":[],"fullName":"Admin API Routes — Bloque 3: Panel de Administración GET /api/admin/metricas debería devolver 401 cuando no hay sesión","invocations":1,"location":null,"numPassingAsserts":2,"retryReasons":[],"startAt":1774527210803,"status":"passed","title":"debería devolver 401 cuando no hay sesión"},{"ancestorTitles":["Admin API Routes — Bloque 3: Panel de Administración","GET /api/admin/metricas"],"duration":0,"failing":false,"failureDetails":[],"failureMessages":[],"fullName":"Admin API Routes — Bloque 3: Panel de Administración GET /api/admin/metricas debería devolver 403 cuando el usuario no es ADMIN","invocations":1,"location":null,"numPassingAsserts":2,"retryReasons":[],"startAt":1774527210804,"status":"passed","title":"debería devolver 403 cuando el usuario no es ADMIN"},{"ancestorTitles":["Admin API Routes — Bloque 3: Panel de Administración","GET /api/admin/metricas"],"duration":1,"failing":false,"failureDetails":[],"failureMessages":[],"fullName":"Admin API Routes — Bloque 3: Panel de Administración GET /api/admin/metricas debería devolver 200 con las 4 métricas cuando el usuario es ADMIN","invocations":1,"location":null,"numPassingAsserts":5,"retryReasons":[],"startAt":1774527210804,"status":"passed","title":"debería devolver 200 con las 4 métricas cuando el usuario es ADMIN"},{"ancestorTitles":["Admin API Routes — Bloque 3: Panel de Administración","GET /api/admin/reservas"],"duration":0,"failing":false,"failureDetails":[],"failureMessages":[],"fullName":"Admin API Routes — Bloque 3: Panel de Administración GET /api/admin/reservas debería devolver 401 cuando no hay sesión","invocations":1,"location":null,"numPassingAsserts":2,"retryReasons":[],"startAt":1774527210805,"status":"passed","title":"debería devolver 401 cuando no hay sesión"},{"ancestorTitles":["Admin API Routes — Bloque 3: Panel de Administración","GET /api/admin/reservas"],"duration":1,"failing":false,"failureDetails":[],"failureMessages":[],"fullName":"Admin API Routes — Bloque 3: Panel de Administración GET /api/admin/reservas debería devolver 403 cuando el usuario no es ADMIN","invocations":1,"location":null,"numPassingAsserts":1,"retryReasons":[],"startAt":1774527210805,"status":"passed","title":"debería devolver 403 cuando el usuario no es ADMIN"},{"ancestorTitles":["Admin API Routes — Bloque 3: Panel de Administración","GET /api/admin/reservas"],"duration":0,"failing":false,"failureDetails":[],"failureMessages":[],"fullName":"Admin API Routes — Bloque 3: Panel de Administración GET /api/admin/reservas debería devolver 200 con lista de reservas cuando es ADMIN","invocations":1,"location":null,"numPassingAsserts":3,"retryReasons":[],"startAt":1774527210806,"status":"passed","title":"debería devolver 200 con lista de reservas cuando es ADMIN"},{"ancestorTitles":["Admin API Routes — Bloque 3: Panel de Administración","GET /api/admin/reservas"],"duration":1,"failing":false,"failureDetails":[],"failureMessages":[],"fullName":"Admin API Routes — Bloque 3: Panel de Administración GET /api/admin/reservas debería filtrar por estado cuando se pasa el query param estado","invocations":1,"location":null,"numPassingAsserts":2,"retryReasons":[],"startAt":1774527210806,"status":"passed","title":"debería filtrar por estado cuando se pasa el query param estado"},{"ancestorTitles":["Admin API Routes — Bloque 3: Panel de Administración","GET /api/admin/reservas"],"duration":0,"failing":false,"failureDetails":[],"failureMessages":[],"fullName":"Admin API Routes — Bloque 3: Panel de Administración GET /api/admin/reservas debería rechazar formato de fecha inválido en filtro","invocations":1,"location":null,"numPassingAsserts":2,"retryReasons":[],"startAt":1774527210807,"status":"passed","title":"debería rechazar formato de fecha inválido en filtro"},{"ancestorTitles":["Admin API Routes — Bloque 3: Panel de Administración","PATCH /api/admin/reservas/[id]/cancelar"],"duration":1,"failing":false,"failureDetails":[],"failureMessages":[],"fullName":"Admin API Routes — Bloque 3: Panel de Administración PATCH /api/admin/reservas/[id]/cancelar debería devolver 401 cuando no hay sesión","invocations":1,"location":null,"numPassingAsserts":1,"retryReasons":[],"startAt":1774527210807,"status":"passed","title":"debería devolver 401 cuando no hay sesión"},{"ancestorTitles":["Admin API Routes — Bloque 3: Panel de Administración","PATCH /api/admin/reservas/[id]/cancelar"],"duration":0,"failing":false,"failureDetails":[],"failureMessages":[],"fullName":"Admin API Routes — Bloque 3: Panel de Administración PATCH /api/admin/reservas/[id]/cancelar debería devolver 404 cuando la reserva no existe","invocations":1,"location":null,"numPassingAsserts":2,"retryReasons":[],"startAt":1774527210808,"status":"passed","title":"debería devolver 404 cuando la reserva no existe"},{"ancestorTitles":["Admin API Routes — Bloque 3: Panel de Administración","PATCH /api/admin/reservas/[id]/cancelar"],"duration":1,"failing":false,"failureDetails":[],"failureMessages":[],"fullName":"Admin API Routes — Bloque 3: Panel de Administración PATCH /api/admin/reservas/[id]/cancelar debería devolver 409 cuando la reserva ya está cancelada","invocations":1,"location":null,"numPassingAsserts":2,"retryReasons":[],"startAt":1774527210808,"status":"passed","title":"debería devolver 409 cuando la reserva ya está cancelada"},{"ancestorTitles":["Admin API Routes — Bloque 3: Panel de Administración","PATCH /api/admin/reservas/[id]/cancelar"],"duration":0,"failing":false,"failureDetails":[],"failureMessages":[],"fullName":"Admin API Routes — Bloque 3: Panel de Administración PATCH /api/admin/reservas/[id]/cancelar debería devolver 200 y cancelar la reserva si el admin lo solicita","invocations":1,"location":null,"numPassingAsserts":2,"retryReasons":[],"startAt":1774527210809,"status":"passed","title":"debería devolver 200 y cancelar la reserva si el admin lo solicita"},{"ancestorTitles":["Admin API Routes — Bloque 3: Panel de Administración","POST /api/admin/bloqueos"],"duration":1,"failing":false,"failureDetails":[],"failureMessages":[],"fullName":"Admin API Routes — Bloque 3: Panel de Administración POST /api/admin/bloqueos debería devolver 400 si fechaInicio es posterior a fechaFin","invocations":1,"location":null,"numPassingAsserts":2,"retryReasons":[],"startAt":1774527210809,"status":"passed","title":"debería devolver 400 si fechaInicio es posterior a fechaFin"},{"ancestorTitles":["Admin API Routes — Bloque 3: Panel de Administración","POST /api/admin/bloqueos"],"duration":1,"failing":false,"failureDetails":[],"failureMessages":[],"fullName":"Admin API Routes — Bloque 3: Panel de Administración POST /api/admin/bloqueos debería devolver 400 si el formato de fecha es incorrecto","invocations":1,"location":null,"numPassingAsserts":2,"retryReasons":[],"startAt":1774527210810,"status":"passed","title":"debería devolver 400 si el formato de fecha es incorrecto"},{"ancestorTitles":["Admin API Routes — Bloque 3: Panel de Administración","POST /api/admin/bloqueos"],"duration":0,"failing":false,"failureDetails":[],"failureMessages":[],"fullName":"Admin API Routes — Bloque 3: Panel de Administración POST /api/admin/bloqueos debería devolver 400 si motivo no es string","invocations":1,"location":null,"numPassingAsserts":2,"retryReasons":[],"startAt":1774527210811,"status":"passed","title":"debería devolver 400 si motivo no es string"},{"ancestorTitles":["Admin API Routes — Bloque 3: Panel de Administración","POST /api/admin/bloqueos"],"duration":0,"failing":false,"failureDetails":[],"failureMessages":[],"fullName":"Admin API Routes — Bloque 3: Panel de Administración POST /api/admin/bloqueos debería devolver 201 con el bloqueo creado si los datos son correctos","invocations":1,"location":null,"numPassingAsserts":3,"retryReasons":[],"startAt":1774527210812,"status":"passed","title":"debería devolver 201 con el bloqueo creado si los datos son correctos"},{"ancestorTitles":["Admin API Routes — Bloque 3: Panel de Administración","DELETE /api/admin/usuarios/[id]"],"duration":1,"failing":false,"failureDetails":[],"failureMessages":[],"fullName":"Admin API Routes — Bloque 3: Panel de Administración DELETE /api/admin/usuarios/[id] debería devolver 403 si intenta eliminarse a sí mismo","invocations":1,"location":null,"numPassingAsserts":2,"retryReasons":[],"startAt":1774527210812,"status":"passed","title":"debería devolver 403 si intenta eliminarse a sí mismo"},{"ancestorTitles":["Admin API Routes — Bloque 3: Panel de Administración","DELETE /api/admin/usuarios/[id]"],"duration":0,"failing":false,"failureDetails":[],"failureMessages":[],"fullName":"Admin API Routes — Bloque 3: Panel de Administración DELETE /api/admin/usuarios/[id] debería devolver 404 si el usuario no existe (código Prisma P2025)","invocations":1,"location":null,"numPassingAsserts":2,"retryReasons":[],"startAt":1774527210813,"status":"passed","title":"debería devolver 404 si el usuario no existe (código Prisma P2025)"},{"ancestorTitles":["Admin API Routes — Bloque 3: Panel de Administración","DELETE /api/admin/usuarios/[id]"],"duration":1,"failing":false,"failureDetails":[],"failureMessages":[],"fullName":"Admin API Routes — Bloque 3: Panel de Administración DELETE /api/admin/usuarios/[id] debería devolver 200 si el usuario existe y no es el actual","invocations":1,"location":null,"numPassingAsserts":2,"retryReasons":[],"startAt":1774527210813,"status":"passed","title":"debería devolver 200 si el usuario existe y no es el actual"},{"ancestorTitles":["Admin API Routes — Bloque 3: Panel de Administración","GET /api/admin/pistas"],"duration":0,"failing":false,"failureDetails":[],"failureMessages":[],"fullName":"Admin API Routes — Bloque 3: Panel de Administración GET /api/admin/pistas debería devolver 401 cuando no hay sesión","invocations":1,"location":null,"numPassingAsserts":1,"retryReasons":[],"startAt":1774527210814,"status":"passed","title":"debería devolver 401 cuando no hay sesión"},{"ancestorTitles":["Admin API Routes — Bloque 3: Panel de Administración","GET /api/admin/pistas"],"duration":0,"failing":false,"failureDetails":[],"failureMessages":[],"fullName":"Admin API Routes — Bloque 3: Panel de Administración GET /api/admin/pistas debería devolver lista de instalaciones cuando es ADMIN","invocations":1,"location":null,"numPassingAsserts":3,"retryReasons":[],"startAt":1774527210814,"status":"passed","title":"debería devolver lista de instalaciones cuando es ADMIN"},{"ancestorTitles":["Admin API Routes — Bloque 3: Panel de Administración","POST /api/admin/pistas"],"duration":1,"failing":false,"failureDetails":[],"failureMessages":[],"fullName":"Admin API Routes — Bloque 3: Panel de Administración POST /api/admin/pistas debería devolver 400 si el nombre está vacío","invocations":1,"location":null,"numPassingAsserts":2,"retryReasons":[],"startAt":1774527210814,"status":"passed","title":"debería devolver 400 si el nombre está vacío"},{"ancestorTitles":["Admin API Routes — Bloque 3: Panel de Administración","POST /api/admin/pistas"],"duration":1,"failing":false,"failureDetails":[],"failureMessages":[],"fullName":"Admin API Routes — Bloque 3: Panel de Administración POST /api/admin/pistas debería devolver 201 con la pista creada si los datos son correctos","invocations":1,"location":null,"numPassingAsserts":2,"retryReasons":[],"startAt":1774527210815,"status":"passed","title":"debería devolver 201 con la pista creada si los datos son correctos"},{"ancestorTitles":["Admin API Routes — Bloque 3: Panel de Administración","POST /api/admin/pistas"],"duration":1,"failing":false,"failureDetails":[],"failureMessages":[],"fullName":"Admin API Routes — Bloque 3: Panel de Administración POST /api/admin/pistas debería aceptar el campo horario y guardarlo","invocations":1,"location":null,"numPassingAsserts":2,"retryReasons":[],"startAt":1774527210816,"status":"passed","title":"debería aceptar el campo horario y guardarlo"},{"ancestorTitles":["Admin API Routes — Bloque 3: Panel de Administración","POST /api/admin/pistas"],"duration":0,"failing":false,"failureDetails":[],"failureMessages":[],"fullName":"Admin API Routes — Bloque 3: Panel de Administración POST /api/admin/pistas debería usar el valor por defecto de horario si no se envía","invocations":1,"location":null,"numPassingAsserts":2,"retryReasons":[],"startAt":1774527210817,"status":"passed","title":"debería usar el valor por defecto de horario si no se envía"},{"ancestorTitles":["Admin API Routes — Bloque 3: Panel de Administración","PATCH /api/admin/pistas/[id]"],"duration":0,"failing":false,"failureDetails":[],"failureMessages":[],"fullName":"Admin API Routes — Bloque 3: Panel de Administración PATCH /api/admin/pistas/[id] debería actualizar el campo horario","invocations":1,"location":null,"numPassingAsserts":2,"retryReasons":[],"startAt":1774527210818,"status":"passed","title":"debería actualizar el campo horario"},{"ancestorTitles":["Admin API Routes — Bloque 3: Panel de Administración","DELETE /api/admin/bloqueos/[id]"],"duration":1,"failing":false,"failureDetails":[],"failureMessages":[],"fullName":"Admin API Routes — Bloque 3: Panel de Administración DELETE /api/admin/bloqueos/[id] debería devolver 401 cuando no hay sesión","invocations":1,"location":null,"numPassingAsserts":1,"retryReasons":[],"startAt":1774527210818,"status":"passed","title":"debería devolver 401 cuando no hay sesión"},{"ancestorTitles":["Admin API Routes — Bloque 3: Panel de Administración","DELETE /api/admin/bloqueos/[id]"],"duration":0,"failing":false,"failureDetails":[],"failureMessages":[],"fullName":"Admin API Routes — Bloque 3: Panel de Administración DELETE /api/admin/bloqueos/[id] debería devolver 404 si el bloqueo no existe","invocations":1,"location":null,"numPassingAsserts":1,"retryReasons":[],"startAt":1774527210819,"status":"passed","title":"debería devolver 404 si el bloqueo no existe"},{"ancestorTitles":["Admin API Routes — Bloque 3: Panel de Administración","DELETE /api/admin/bloqueos/[id]"],"duration":1,"failing":false,"failureDetails":[],"failureMessages":[],"fullName":"Admin API Routes — Bloque 3: Panel de Administración DELETE /api/admin/bloqueos/[id] debería devolver 200 al eliminar un bloqueo válido","invocations":1,"location":null,"numPassingAsserts":2,"retryReasons":[],"startAt":1774527210819,"status":"passed","title":"debería devolver 200 al eliminar un bloqueo válido"},{"ancestorTitles":["Admin API Routes — Bloque 3: Panel de Administración","POST /api/admin/reservas"],"duration":0,"failing":false,"failureDetails":[],"failureMessages":[],"fullName":"Admin API Routes — Bloque 3: Panel de Administración POST /api/admin/reservas debería devolver 401 cuando no hay sesión","invocations":1,"location":null,"numPassingAsserts":2,"retryReasons":[],"startAt":1774527210820,"status":"passed","title":"debería devolver 401 cuando no hay sesión"},{"ancestorTitles":["Admin API Routes — Bloque 3: Panel de Administración","POST /api/admin/reservas"],"duration":1,"failing":false,"failureDetails":[],"failureMessages":[],"fullName":"Admin API Routes — Bloque 3: Panel de Administración POST /api/admin/reservas debería devolver 403 cuando el usuario no es ADMIN","invocations":1,"location":null,"numPassingAsserts":1,"retryReasons":[],"startAt":1774527210820,"status":"passed","title":"debería devolver 403 cuando el usuario no es ADMIN"},{"ancestorTitles":["Admin API Routes — Bloque 3: Panel de Administración","POST /api/admin/reservas"],"duration":0,"failing":false,"failureDetails":[],"failureMessages":[],"fullName":"Admin API Routes — Bloque 3: Panel de Administración POST /api/admin/reservas debería devolver 400 si la fecha no tiene formato YYYY-MM-DD","invocations":1,"location":null,"numPassingAsserts":2,"retryReasons":[],"startAt":1774527210821,"status":"passed","title":"debería devolver 400 si la fecha no tiene formato YYYY-MM-DD"},{"ancestorTitles":["Admin API Routes — Bloque 3: Panel de Administración","POST /api/admin/reservas"],"duration":1,"failing":false,"failureDetails":[],"failureMessages":[],"fullName":"Admin API Routes — Bloque 3: Panel de Administración POST /api/admin/reservas debería devolver 400 si la hora no es un slot válido","invocations":1,"location":null,"numPassingAsserts":3,"retryReasons":[],"startAt":1774527210821,"status":"passed","title":"debería devolver 400 si la hora no es un slot válido"},{"ancestorTitles":["Admin API Routes — Bloque 3: Panel de Administración","POST /api/admin/reservas"],"duration":1,"failing":false,"failureDetails":[],"failureMessages":[],"fullName":"Admin API Routes — Bloque 3: Panel de Administración POST /api/admin/reservas debería devolver 404 si el usuario no existe","invocations":1,"location":null,"numPassingAsserts":2,"retryReasons":[],"startAt":1774527210822,"status":"passed","title":"debería devolver 404 si el usuario no existe"},{"ancestorTitles":["Admin API Routes — Bloque 3: Panel de Administración","POST /api/admin/reservas"],"duration":1,"failing":false,"failureDetails":[],"failureMessages":[],"fullName":"Admin API Routes — Bloque 3: Panel de Administración POST /api/admin/reservas debería devolver 404 si la instalación no existe","invocations":1,"location":null,"numPassingAsserts":2,"retryReasons":[],"startAt":1774527210823,"status":"passed","title":"debería devolver 404 si la instalación no existe"},{"ancestorTitles":["Admin API Routes — Bloque 3: Panel de Administración","POST /api/admin/reservas"],"duration":0,"failing":false,"failureDetails":[],"failureMessages":[],"fullName":"Admin API Routes — Bloque 3: Panel de Administración POST /api/admin/reservas debería devolver 409 si el slot ya está ocupado","invocations":1,"location":null,"numPassingAsserts":1,"retryReasons":[],"startAt":1774527210824,"status":"passed","title":"debería devolver 409 si el slot ya está ocupado"},{"ancestorTitles":["Admin API Routes — Bloque 3: Panel de Administración","POST /api/admin/reservas"],"duration":1,"failing":false,"failureDetails":[],"failureMessages":[],"fullName":"Admin API Routes — Bloque 3: Panel de Administración POST /api/admin/reservas debería devolver 201 con la reserva creada si los datos son correctos","invocations":1,"location":null,"numPassingAsserts":3,"retryReasons":[],"startAt":1774527210824,"status":"passed","title":"debería devolver 201 con la reserva creada si los datos son correctos"},{"ancestorTitles":["Admin API Routes — Bloque 3: Panel de Administración","GET /api/admin/ciudadanos"],"duration":0,"failing":false,"failureDetails":[],"failureMessages":[],"fullName":"Admin API Routes — Bloque 3: Panel de Administración GET /api/admin/ciudadanos debería devolver 401 cuando no hay sesión","invocations":1,"location":null,"numPassingAsserts":2,"retryReasons":[],"startAt":1774527210826,"status":"passed","title":"debería devolver 401 cuando no hay sesión"},{"ancestorTitles":["Admin API Routes — Bloque 3: Panel de Administración","GET /api/admin/ciudadanos"],"duration":0,"failing":false,"failureDetails":[],"failureMessages":[],"fullName":"Admin API Routes — Bloque 3: Panel de Administración GET /api/admin/ciudadanos debería devolver 403 cuando el usuario no es ADMIN","invocations":1,"location":null,"numPassingAsserts":2,"retryReasons":[],"startAt":1774527210826,"status":"passed","title":"debería devolver 403 cuando el usuario no es ADMIN"},{"ancestorTitles":["Admin API Routes — Bloque 3: Panel de Administración","GET /api/admin/ciudadanos"],"duration":1,"failing":false,"failureDetails":[],"failureMessages":[],"fullName":"Admin API Routes — Bloque 3: Panel de Administración GET /api/admin/ciudadanos debería devolver 200 con lista vacía cuando no hay ciudadanos","invocations":1,"location":null,"numPassingAsserts":3,"retryReasons":[],"startAt":1774527210826,"status":"passed","title":"debería devolver 200 con lista vacía cuando no hay ciudadanos"},{"ancestorTitles":["Admin API Routes — Bloque 3: Panel de Administración","GET /api/admin/ciudadanos"],"duration":0,"failing":false,"failureDetails":[],"failureMessages":[],"fullName":"Admin API Routes — Bloque 3: Panel de Administración GET /api/admin/ciudadanos debería devolver 200 con lista de ciudadanos activos ordenados por nombre","invocations":1,"location":null,"numPassingAsserts":5,"retryReasons":[],"startAt":1774527210827,"status":"passed","title":"debería devolver 200 con lista de ciudadanos activos ordenados por nombre"}],"endTime":1774527210828,"message":"","name":"C:\\Users\\anton\\OneDrive - UNIVERSIDAD DE SEVILLA\\Escritorio\\proyecto claude code\\reserva-instalaciones\\src\\__tests__\\api\\admin.test.ts","startTime":1774527210715,"status":"passed","summary":""},{"assertionResults":[{"ancestorTitles":["Avisos API Routes — Tablón de anuncios","GET /api/avisos"],"duration":1,"failing":false,"failureDetails":[],"failureMessages":[],"fullName":"Avisos API Routes — Tablón de anuncios GET /api/avisos debería devolver 200 con solo avisos activos ordenados por fecha desc","invocations":1,"location":null,"numPassingAsserts":5,"retryReasons":[],"startAt":1774527210897,"status":"passed","title":"debería devolver 200 con solo avisos activos ordenados por fecha desc"},{"ancestorTitles":["Avisos API Routes — Tablón de anuncios","GET /api/avisos"],"duration":1,"failing":false,"failureDetails":[],"failureMessages":[],"fullName":"Avisos API Routes — Tablón de anuncios GET /api/avisos debería devolver un array vacío cuando no hay avisos activos","invocations":1,"location":null,"numPassingAsserts":2,"retryReasons":[],"startAt":1774527210898,"status":"passed","title":"debería devolver un array vacío cuando no hay avisos activos"},{"ancestorTitles":["Avisos API Routes — Tablón de anuncios","GET /api/avisos"],"duration":0,"failing":false,"failureDetails":[],"failureMessages":[],"fullName":"Avisos API Routes — Tablón de anuncios GET /api/avisos debería ser accesible sin sesión (ruta pública)","invocations":1,"location":null,"numPassingAsserts":1,"retryReasons":[],"startAt":1774527210899,"status":"passed","title":"debería ser accesible sin sesión (ruta pública)"},{"ancestorTitles":["Avisos API Routes — Tablón de anuncios","POST /api/avisos"],"duration":1,"failing":false,"failureDetails":[],"failureMessages":[],"fullName":"Avisos API Routes — Tablón de anuncios POST /api/avisos debería devolver 401 cuando no hay sesión","invocations":1,"location":null,"numPassingAsserts":2,"retryReasons":[],"startAt":1774527210899,"status":"passed","title":"debería devolver 401 cuando no hay sesión"},{"ancestorTitles":["Avisos API Routes — Tablón de anuncios","POST /api/avisos"],"duration":0,"failing":false,"failureDetails":[],"failureMessages":[],"fullName":"Avisos API Routes — Tablón de anuncios POST /api/avisos debería devolver 403 cuando el usuario tiene rol CIUDADANO","invocations":1,"location":null,"numPassingAsserts":2,"retryReasons":[],"startAt":1774527210900,"status":"passed","title":"debería devolver 403 cuando el usuario tiene rol CIUDADANO"},{"ancestorTitles":["Avisos API Routes — Tablón de anuncios","POST /api/avisos"],"duration":1,"failing":false,"failureDetails":[],"failureMessages":[],"fullName":"Avisos API Routes — Tablón de anuncios POST /api/avisos debería crear el aviso y devolver 201 cuando el usuario es ADMIN","invocations":1,"location":null,"numPassingAsserts":4,"retryReasons":[],"startAt":1774527210900,"status":"passed","title":"debería crear el aviso y devolver 201 cuando el usuario es ADMIN"},{"ancestorTitles":["Avisos API Routes — Tablón de anuncios","POST /api/avisos"],"duration":1,"failing":false,"failureDetails":[],"failureMessages":[],"fullName":"Avisos API Routes — Tablón de anuncios POST /api/avisos debería devolver 400 cuando falta el campo titulo","invocations":1,"location":null,"numPassingAsserts":2,"retryReasons":[],"startAt":1774527210901,"status":"passed","title":"debería devolver 400 cuando falta el campo titulo"},{"ancestorTitles":["Avisos API Routes — Tablón de anuncios","POST /api/avisos"],"duration":0,"failing":false,"failureDetails":[],"failureMessages":[],"fullName":"Avisos API Routes — Tablón de anuncios POST /api/avisos debería devolver 400 cuando falta el campo descripcion","invocations":1,"location":null,"numPassingAsserts":2,"retryReasons":[],"startAt":1774527210902,"status":"passed","title":"debería devolver 400 cuando falta el campo descripcion"},{"ancestorTitles":["Avisos API Routes — Tablón de anuncios","POST /api/avisos"],"duration":1,"failing":false,"failureDetails":[],"failureMessages":[],"fullName":"Avisos API Routes — Tablón de anuncios POST /api/avisos debería devolver 400 cuando el tipo no es válido","invocations":1,"location":null,"numPassingAsserts":2,"retryReasons":[],"startAt":1774527210902,"status":"passed","title":"debería devolver 400 cuando el tipo no es válido"},{"ancestorTitles":["Avisos API Routes — Tablón de anuncios","POST /api/avisos"],"duration":0,"failing":false,"failureDetails":[],"failureMessages":[],"fullName":"Avisos API Routes — Tablón de anuncios POST /api/avisos debería devolver 400 cuando la fecha no es válida","invocations":1,"location":null,"numPassingAsserts":2,"retryReasons":[],"startAt":1774527210903,"status":"passed","title":"debería devolver 400 cuando la fecha no es válida"},{"ancestorTitles":["Avisos API Routes — Tablón de anuncios","POST /api/avisos"],"duration":1,"failing":false,"failureDetails":[],"failureMessages":[],"fullName":"Avisos API Routes — Tablón de anuncios POST /api/avisos debería devolver 400 cuando el titulo supera 100 caracteres","invocations":1,"location":null,"numPassingAsserts":2,"retryReasons":[],"startAt":1774527210903,"status":"passed","title":"debería devolver 400 cuando el titulo supera 100 caracteres"},{"ancestorTitles":["Avisos API Routes — Tablón de anuncios","POST /api/avisos"],"duration":0,"failing":false,"failureDetails":[],"failureMessages":[],"fullName":"Avisos API Routes — Tablón de anuncios POST /api/avisos debería devolver 400 cuando la descripcion supera 500 caracteres","invocations":1,"location":null,"numPassingAsserts":2,"retryReasons":[],"startAt":1774527210904,"status":"passed","title":"debería devolver 400 cuando la descripcion supera 500 caracteres"},{"ancestorTitles":["Avisos API Routes — Tablón de anuncios","PATCH /api/avisos/[id]"],"duration":1,"failing":false,"failureDetails":[],"failureMessages":[],"fullName":"Avisos API Routes — Tablón de anuncios PATCH /api/avisos/[id] debería devolver 401 cuando no hay sesión","invocations":1,"location":null,"numPassingAsserts":2,"retryReasons":[],"startAt":1774527210904,"status":"passed","title":"debería devolver 401 cuando no hay sesión"},{"ancestorTitles":["Avisos API Routes — Tablón de anuncios","PATCH /api/avisos/[id]"],"duration":0,"failing":false,"failureDetails":[],"failureMessages":[],"fullName":"Avisos API Routes — Tablón de anuncios PATCH /api/avisos/[id] debería devolver 403 cuando el usuario tiene rol CIUDADANO","invocations":1,"location":null,"numPassingAsserts":2,"retryReasons":[],"startAt":1774527210905,"status":"passed","title":"debería devolver 403 cuando el usuario tiene rol CIUDADANO"},{"ancestorTitles":["Avisos API Routes — Tablón de anuncios","PATCH /api/avisos/[id]"],"duration":1,"failing":false,"failureDetails":[],"failureMessages":[],"fullName":"Avisos API Routes — Tablón de anuncios PATCH /api/avisos/[id] debería devolver 404 cuando el aviso no existe","invocations":1,"location":null,"numPassingAsserts":2,"retryReasons":[],"startAt":1774527210905,"status":"passed","title":"debería devolver 404 cuando el aviso no existe"},{"ancestorTitles":["Avisos API Routes — Tablón de anuncios","PATCH /api/avisos/[id]"],"duration":0,"failing":false,"failureDetails":[],"failureMessages":[],"fullName":"Avisos API Routes — Tablón de anuncios PATCH /api/avisos/[id] debería actualizar el aviso y devolver 200 cuando el usuario es ADMIN","invocations":1,"location":null,"numPassingAsserts":3,"retryReasons":[],"startAt":1774527210906,"status":"passed","title":"debería actualizar el aviso y devolver 200 cuando el usuario es ADMIN"},{"ancestorTitles":["Avisos API Routes — Tablón de anuncios","DELETE /api/avisos/[id]"],"duration":1,"failing":false,"failureDetails":[],"failureMessages":[],"fullName":"Avisos API Routes — Tablón de anuncios DELETE /api/avisos/[id] debería devolver 401 cuando no hay sesión","invocations":1,"location":null,"numPassingAsserts":2,"retryReasons":[],"startAt":1774527210906,"status":"passed","title":"debería devolver 401 cuando no hay sesión"},{"ancestorTitles":["Avisos API Routes — Tablón de anuncios","DELETE /api/avisos/[id]"],"duration":0,"failing":false,"failureDetails":[],"failureMessages":[],"fullName":"Avisos API Routes — Tablón de anuncios DELETE /api/avisos/[id] debería devolver 403 cuando el usuario tiene rol CIUDADANO","invocations":1,"location":null,"numPassingAsserts":2,"retryReasons":[],"startAt":1774527210907,"status":"passed","title":"debería devolver 403 cuando el usuario tiene rol CIUDADANO"},{"ancestorTitles":["Avisos API Routes — Tablón de anuncios","DELETE /api/avisos/[id]"],"duration":1,"failing":false,"failureDetails":[],"failureMessages":[],"fullName":"Avisos API Routes — Tablón de anuncios DELETE /api/avisos/[id] debería devolver 404 cuando el aviso no existe","invocations":1,"location":null,"numPassingAsserts":2,"retryReasons":[],"startAt":1774527210907,"status":"passed","title":"debería devolver 404 cuando el aviso no existe"},{"ancestorTitles":["Avisos API Routes — Tablón de anuncios","DELETE /api/avisos/[id]"],"duration":0,"failing":false,"failureDetails":[],"failureMessages":[],"fullName":"Avisos API Routes — Tablón de anuncios DELETE /api/avisos/[id] debería desactivar el aviso (soft delete) y devolver 200 cuando el usuario es ADMIN","invocations":1,"location":null,"numPassingAsserts":3,"retryReasons":[],"startAt":1774527210908,"status":"passed","title":"debería desactivar el aviso (soft delete) y devolver 200 cuando el usuario es ADMIN"}],"endTime":1774527210909,"message":"","name":"C:\\Users\\anton\\OneDrive - UNIVERSIDAD DE SEVILLA\\Escritorio\\proyecto claude code\\reserva-instalaciones\\src\\__tests__\\api\\avisos.test.ts","startTime":1774527210832,"status":"passed","summary":""},{"assertionResults":[{"ancestorTitles":["Schemas de recuperación de contraseña","schemaSolicitarRecuperacion"],"duration":1,"failing":false,"failureDetails":[],"failureMessages":[],"fullName":"Schemas de recuperación de contraseña schemaSolicitarRecuperacion debe validar un email válido","invocations":1,"location":null,"numPassingAsserts":1,"retryReasons":[],"startAt":1774527210960,"status":"passed","title":"debe validar un email válido"},{"ancestorTitles":["Schemas de recuperación de contraseña","schemaSolicitarRecuperacion"],"duration":1,"failing":false,"failureDetails":[],"failureMessages":[],"fullName":"Schemas de recuperación de contraseña schemaSolicitarRecuperacion debe rechazar email inválido","invocations":1,"location":null,"numPassingAsserts":2,"retryReasons":[],"startAt":1774527210961,"status":"passed","title":"debe rechazar email inválido"},{"ancestorTitles":["Schemas de recuperación de contraseña","schemaSolicitarRecuperacion"],"duration":0,"failing":false,"failureDetails":[],"failureMessages":[],"fullName":"Schemas de recuperación de contraseña schemaSolicitarRecuperacion debe rechazar email vacío","invocations":1,"location":null,"numPassingAsserts":1,"retryReasons":[],"startAt":1774527210962,"status":"passed","title":"debe rechazar email vacío"},{"ancestorTitles":["Schemas de recuperación de contraseña","schemaResetearPassword"],"duration":1,"failing":false,"failureDetails":[],"failureMessages":[],"fullName":"Schemas de recuperación de contraseña schemaResetearPassword debe validar token y password válidos","invocations":1,"location":null,"numPassingAsserts":1,"retryReasons":[],"startAt":1774527210962,"status":"passed","title":"debe validar token y password válidos"},{"ancestorTitles":["Schemas de recuperación de contraseña","schemaResetearPassword"],"duration":0,"failing":false,"failureDetails":[],"failureMessages":[],"fullName":"Schemas de recuperación de contraseña schemaResetearPassword debe rechazar token vacío","invocations":1,"location":null,"numPassingAsserts":2,"retryReasons":[],"startAt":1774527210963,"status":"passed","title":"debe rechazar token vacío"},{"ancestorTitles":["Schemas de recuperación de contraseña","schemaResetearPassword"],"duration":0,"failing":false,"failureDetails":[],"failureMessages":[],"fullName":"Schemas de recuperación de contraseña schemaResetearPassword debe rechazar password muy corta","invocations":1,"location":null,"numPassingAsserts":2,"retryReasons":[],"startAt":1774527210963,"status":"passed","title":"debe rechazar password muy corta"},{"ancestorTitles":["Schemas de recuperación de contraseña","schemaResetearPassword"],"duration":0,"failing":false,"failureDetails":[],"failureMessages":[],"fullName":"Schemas de recuperación de contraseña schemaResetearPassword debe rechazar password vacía","invocations":1,"location":null,"numPassingAsserts":1,"retryReasons":[],"startAt":1774527210963,"status":"passed","title":"debe rechazar password vacía"}],"endTime":1774527210964,"message":"","name":"C:\\Users\\anton\\OneDrive - UNIVERSIDAD DE SEVILLA\\Escritorio\\proyecto claude code\\reserva-instalaciones\\src\\__tests__\\api\\recuperacion.test.ts","startTime":1774527210914,"status":"passed","summary":""},{"assertionResults":[{"ancestorTitles":["Validación con Zod","schemaRegistro"],"duration":1,"failing":false,"failureDetails":[],"failureMessages":[],"fullName":"Validación con Zod schemaRegistro debería validar un registro válido","invocations":1,"location":null,"numPassingAsserts":1,"retryReasons":[],"startAt":1774527211019,"status":"passed","title":"debería validar un registro válido"},{"ancestorTitles":["Validación con Zod","schemaRegistro"],"duration":0,"failing":false,"failureDetails":[],"failureMessages":[],"fullName":"Validación con Zod schemaRegistro debería rechazar email inválido","invocations":1,"location":null,"numPassingAsserts":2,"retryReasons":[],"startAt":1774527211020,"status":"passed","title":"debería rechazar email inválido"},{"ancestorTitles":["Validación con Zod","schemaRegistro"],"duration":0,"failing":false,"failureDetails":[],"failureMessages":[],"fullName":"Validación con Zod schemaRegistro debería rechazar password corta (menos de 6 caracteres)","invocations":1,"location":null,"numPassingAsserts":2,"retryReasons":[],"startAt":1774527211021,"status":"passed","title":"debería rechazar password corta (menos de 6 caracteres)"},{"ancestorTitles":["Validación con Zod","schemaRegistro"],"duration":0,"failing":false,"failureDetails":[],"failureMessages":[],"fullName":"Validación con Zod schemaRegistro debería rechazar nombre vacío","invocations":1,"location":null,"numPassingAsserts":2,"retryReasons":[],"startAt":1774527211021,"status":"passed","title":"debería rechazar nombre vacío"},{"ancestorTitles":["Validación con Zod","schemaCrearReserva"],"duration":0,"failing":false,"failureDetails":[],"failureMessages":[],"fullName":"Validación con Zod schemaCrearReserva debería validar una reserva con slot válido","invocations":1,"location":null,"numPassingAsserts":1,"retryReasons":[],"startAt":1774527211021,"status":"passed","title":"debería validar una reserva con slot válido"},{"ancestorTitles":["Validación con Zod","schemaCrearReserva"],"duration":1,"failing":false,"failureDetails":[],"failureMessages":[],"fullName":"Validación con Zod schemaCrearReserva debería rechazar horaInicio \"10:00\" (no es slot)","invocations":1,"location":null,"numPassingAsserts":2,"retryReasons":[],"startAt":1774527211021,"status":"passed","title":"debería rechazar horaInicio \"10:00\" (no es slot)"},{"ancestorTitles":["Validación con Zod","schemaCrearReserva"],"duration":0,"failing":false,"failureDetails":[],"failureMessages":[],"fullName":"Validación con Zod schemaCrearReserva debería rechazar horaInicio \"14:00\" (pausa del mediodía)","invocations":1,"location":null,"numPassingAsserts":1,"retryReasons":[],"startAt":1774527211022,"status":"passed","title":"debería rechazar horaInicio \"14:00\" (pausa del mediodía)"},{"ancestorTitles":["Validación con Zod","schemaCrearReserva"],"duration":0,"failing":false,"failureDetails":[],"failureMessages":[],"fullName":"Validación con Zod schemaCrearReserva debería rechazar fecha con formato incorrecto","invocations":1,"location":null,"numPassingAsserts":2,"retryReasons":[],"startAt":1774527211022,"status":"passed","title":"debería rechazar fecha con formato incorrecto"},{"ancestorTitles":["Validación con Zod","schemaCrearReserva"],"duration":0,"failing":false,"failureDetails":[],"failureMessages":[],"fullName":"Validación con Zod schemaCrearReserva debería rechazar horaInicio con formato incorrecto","invocations":1,"location":null,"numPassingAsserts":1,"retryReasons":[],"startAt":1774527211022,"status":"passed","title":"debería rechazar horaInicio con formato incorrecto"},{"ancestorTitles":["Validación con Zod","schemaCrearReserva"],"duration":0,"failing":false,"failureDetails":[],"failureMessages":[],"fullName":"Validación con Zod schemaCrearReserva debería rechazar si falta instalacionId","invocations":1,"location":null,"numPassingAsserts":1,"retryReasons":[],"startAt":1774527211022,"status":"passed","title":"debería rechazar si falta instalacionId"},{"ancestorTitles":["Validación con Zod","schemaCrearReserva"],"duration":0,"failing":false,"failureDetails":[],"failureMessages":[],"fullName":"Validación con Zod schemaCrearReserva debería aceptar todos los slots válidos","invocations":1,"location":null,"numPassingAsserts":7,"retryReasons":[],"startAt":1774527211023,"status":"passed","title":"debería aceptar todos los slots válidos"},{"ancestorTitles":["Validación con Zod","schemaCrearBloqueo"],"duration":0,"failing":false,"failureDetails":[],"failureMessages":[],"fullName":"Validación con Zod schemaCrearBloqueo debería validar un bloqueo válido","invocations":1,"location":null,"numPassingAsserts":1,"retryReasons":[],"startAt":1774527211023,"status":"passed","title":"debería validar un bloqueo válido"},{"ancestorTitles":["Validación con Zod","schemaCrearBloqueo"],"duration":0,"failing":false,"failureDetails":[],"failureMessages":[],"fullName":"Validación con Zod schemaCrearBloqueo debería rechazar fechaInicio posterior a fechaFin","invocations":1,"location":null,"numPassingAsserts":2,"retryReasons":[],"startAt":1774527211023,"status":"passed","title":"debería rechazar fechaInicio posterior a fechaFin"},{"ancestorTitles":["Validación con Zod","schemaCrearBloqueo"],"duration":1,"failing":false,"failureDetails":[],"failureMessages":[],"fullName":"Validación con Zod schemaCrearBloqueo debería rechazar fechaInicio con formato incorrecto","invocations":1,"location":null,"numPassingAsserts":2,"retryReasons":[],"startAt":1774527211023,"status":"passed","title":"debería rechazar fechaInicio con formato incorrecto"},{"ancestorTitles":["Validación con Zod","schemaCrearBloqueo"],"duration":0,"failing":false,"failureDetails":[],"failureMessages":[],"fullName":"Validación con Zod schemaCrearBloqueo debería rechazar motivo no string","invocations":1,"location":null,"numPassingAsserts":1,"retryReasons":[],"startAt":1774527211024,"status":"passed","title":"debería rechazar motivo no string"},{"ancestorTitles":["Validación con Zod","schemaCrearBloqueo"],"duration":0,"failing":false,"failureDetails":[],"failureMessages":[],"fullName":"Validación con Zod schemaCrearBloqueo debería aceptar motivo vacío o no especificado","invocations":1,"location":null,"numPassingAsserts":1,"retryReasons":[],"startAt":1774527211024,"status":"passed","title":"debería aceptar motivo vacío o no especificado"},{"ancestorTitles":["Validación con Zod","schemaCrearBloqueo"],"duration":0,"failing":false,"failureDetails":[],"failureMessages":[],"fullName":"Validación con Zod schemaCrearBloqueo debería aceptar fechaInicio igual a fechaFin","invocations":1,"location":null,"numPassingAsserts":1,"retryReasons":[],"startAt":1774527211024,"status":"passed","title":"debería aceptar fechaInicio igual a fechaFin"},{"ancestorTitles":["Validación con Zod","schemaCrearUsuarioAdmin"],"duration":1,"failing":false,"failureDetails":[],"failureMessages":[],"fullName":"Validación con Zod schemaCrearUsuarioAdmin debería validar un usuario admin válido","invocations":1,"location":null,"numPassingAsserts":1,"retryReasons":[],"startAt":1774527211024,"status":"passed","title":"debería validar un usuario admin válido"},{"ancestorTitles":["Validación con Zod","schemaCrearUsuarioAdmin"],"duration":0,"failing":false,"failureDetails":[],"failureMessages":[],"fullName":"Validación con Zod schemaCrearUsuarioAdmin debería rechazar email inválido","invocations":1,"location":null,"numPassingAsserts":2,"retryReasons":[],"startAt":1774527211025,"status":"passed","title":"debería rechazar email inválido"},{"ancestorTitles":["Validación con Zod","schemaCrearUsuarioAdmin"],"duration":0,"failing":false,"failureDetails":[],"failureMessages":[],"fullName":"Validación con Zod schemaCrearUsuarioAdmin debería rechazar password corta (menos de 6 caracteres)","invocations":1,"location":null,"numPassingAsserts":2,"retryReasons":[],"startAt":1774527211025,"status":"passed","title":"debería rechazar password corta (menos de 6 caracteres)"},{"ancestorTitles":["Validación con Zod","schemaCrearUsuarioAdmin"],"duration":0,"failing":false,"failureDetails":[],"failureMessages":[],"fullName":"Validación con Zod schemaCrearUsuarioAdmin debería rechazar nombre muy corto (menos de 2 caracteres)","invocations":1,"location":null,"numPassingAsserts":2,"retryReasons":[],"startAt":1774527211025,"status":"passed","title":"debería rechazar nombre muy corto (menos de 2 caracteres)"},{"ancestorTitles":["Validación con Zod","schemaCrearUsuarioAdmin"],"duration":1,"failing":false,"failureDetails":[],"failureMessages":[],"fullName":"Validación con Zod schemaCrearUsuarioAdmin debería rechazar nombre vacío","invocations":1,"location":null,"numPassingAsserts":1,"retryReasons":[],"startAt":1774527211025,"status":"passed","title":"debería rechazar nombre vacío"}],"endTime":1774527211026,"message":"","name":"C:\\Users\\anton\\OneDrive - UNIVERSIDAD DE SEVILLA\\Escritorio\\proyecto claude code\\reserva-instalaciones\\src\\__tests__\\api\\zod-validaciones.test.ts","startTime":1774527210970,"status":"passed","summary":""},{"assertionResults":[{"ancestorTitles":["GET /api/disponibilidad"],"duration":1,"failing":false,"failureDetails":[],"failureMessages":[],"fullName":"GET /api/disponibilidad debería devolver 404 cuando se consulta sin sesión y la instalación no existe","invocations":1,"location":null,"numPassingAsserts":2,"retryReasons":[],"startAt":1774527211063,"status":"passed","title":"debería devolver 404 cuando se consulta sin sesión y la instalación no existe"},{"ancestorTitles":["GET /api/disponibilidad"],"duration":0,"failing":false,"failureDetails":[],"failureMessages":[],"fullName":"GET /api/disponibilidad debería devolver 400 cuando falta el parámetro instalacionId","invocations":1,"location":null,"numPassingAsserts":2,"retryReasons":[],"startAt":1774527211065,"status":"passed","title":"debería devolver 400 cuando falta el parámetro instalacionId"},{"ancestorTitles":["GET /api/disponibilidad"],"duration":1,"failing":false,"failureDetails":[],"failureMessages":[],"fullName":"GET /api/disponibilidad debería devolver 400 cuando falta el parámetro fecha","invocations":1,"location":null,"numPassingAsserts":2,"retryReasons":[],"startAt":1774527211065,"status":"passed","title":"debería devolver 400 cuando falta el parámetro fecha"},{"ancestorTitles":["GET /api/disponibilidad"],"duration":1,"failing":false,"failureDetails":[],"failureMessages":[],"fullName":"GET /api/disponibilidad debería devolver 404 cuando la instalación no existe","invocations":1,"location":null,"numPassingAsserts":2,"retryReasons":[],"startAt":1774527211069,"status":"passed","title":"debería devolver 404 cuando la instalación no existe"},{"ancestorTitles":["GET /api/disponibilidad"],"duration":0,"failing":false,"failureDetails":[],"failureMessages":[],"fullName":"GET /api/disponibilidad debería devolver 404 cuando la instalación existe pero está inactiva","invocations":1,"location":null,"numPassingAsserts":1,"retryReasons":[],"startAt":1774527211070,"status":"passed","title":"debería devolver 404 cuando la instalación existe pero está inactiva"},{"ancestorTitles":["GET /api/disponibilidad"],"duration":4,"failing":false,"failureDetails":[],"failureMessages":[],"fullName":"GET /api/disponibilidad debería devolver 200 con exactamente 7 slots para una fecha futura","invocations":1,"location":null,"numPassingAsserts":3,"retryReasons":[],"startAt":1774527211070,"status":"passed","title":"debería devolver 200 con exactamente 7 slots para una fecha futura"},{"ancestorTitles":["GET /api/disponibilidad"],"duration":2,"failing":false,"failureDetails":[],"failureMessages":[],"fullName":"GET /api/disponibilidad debería devolver slots con horaInicio y horaFin correctos","invocations":1,"location":null,"numPassingAsserts":3,"retryReasons":[],"startAt":1774527211074,"status":"passed","title":"debería devolver slots con horaInicio y horaFin correctos"},{"ancestorTitles":["GET /api/disponibilidad"],"duration":2,"failing":false,"failureDetails":[],"failureMessages":[],"fullName":"GET /api/disponibilidad debería marcar como ocupado el slot 08:00 cuando hay una reserva activa a esa hora","invocations":1,"location":null,"numPassingAsserts":3,"retryReasons":[],"startAt":1774527211076,"status":"passed","title":"debería marcar como ocupado el slot 08:00 cuando hay una reserva activa a esa hora"},{"ancestorTitles":["GET /api/disponibilidad"],"duration":2,"failing":false,"failureDetails":[],"failureMessages":[],"fullName":"GET /api/disponibilidad debería marcar como ocupado el slot 16:45 cuando hay una reserva activa a esa hora (pausa del mediodía respetada)","invocations":1,"location":null,"numPassingAsserts":3,"retryReasons":[],"startAt":1774527211078,"status":"passed","title":"debería marcar como ocupado el slot 16:45 cuando hay una reserva activa a esa hora (pausa del mediodía respetada)"}],"endTime":1774527211081,"message":"","name":"C:\\Users\\anton\\OneDrive - UNIVERSIDAD DE SEVILLA\\Escritorio\\proyecto claude code\\reserva-instalaciones\\src\\__tests__\\api\\disponibilidad.test.ts","startTime":1774527211029,"status":"passed","summary":""},{"assertionResults":[{"ancestorTitles":["PATCH /api/reservas/[id]/cancelar"],"duration":1,"failing":false,"failureDetails":[],"failureMessages":[],"fullName":"PATCH /api/reservas/[id]/cancelar debería devolver 401 cuando el usuario no está autenticado","invocations":1,"location":null,"numPassingAsserts":2,"retryReasons":[],"startAt":1774527211126,"status":"passed","title":"debería devolver 401 cuando el usuario no está autenticado"},{"ancestorTitles":["PATCH /api/reservas/[id]/cancelar"],"duration":0,"failing":false,"failureDetails":[],"failureMessages":[],"fullName":"PATCH /api/reservas/[id]/cancelar debería devolver 404 cuando la reserva no existe","invocations":1,"location":null,"numPassingAsserts":2,"retryReasons":[],"startAt":1774527211127,"status":"passed","title":"debería devolver 404 cuando la reserva no existe"},{"ancestorTitles":["PATCH /api/reservas/[id]/cancelar"],"duration":0,"failing":false,"failureDetails":[],"failureMessages":[],"fullName":"PATCH /api/reservas/[id]/cancelar debería devolver 403 cuando un ciudadano intenta cancelar una reserva ajena","invocations":1,"location":null,"numPassingAsserts":2,"retryReasons":[],"startAt":1774527211128,"status":"passed","title":"debería devolver 403 cuando un ciudadano intenta cancelar una reserva ajena"},{"ancestorTitles":["PATCH /api/reservas/[id]/cancelar"],"duration":1,"failing":false,"failureDetails":[],"failureMessages":[],"fullName":"PATCH /api/reservas/[id]/cancelar debería devolver 200 y ok:true cuando el propietario cancela su propia reserva con antelación suficiente","invocations":1,"location":null,"numPassingAsserts":2,"retryReasons":[],"startAt":1774527211128,"status":"passed","title":"debería devolver 200 y ok:true cuando el propietario cancela su propia reserva con antelación suficiente"},{"ancestorTitles":["PATCH /api/reservas/[id]/cancelar"],"duration":1,"failing":false,"failureDetails":[],"failureMessages":[],"fullName":"PATCH /api/reservas/[id]/cancelar debería devolver 200 cuando un admin cancela una reserva ajena","invocations":1,"location":null,"numPassingAsserts":2,"retryReasons":[],"startAt":1774527211129,"status":"passed","title":"debería devolver 200 cuando un admin cancela una reserva ajena"},{"ancestorTitles":["PATCH /api/reservas/[id]/cancelar"],"duration":0,"failing":false,"failureDetails":[],"failureMessages":[],"fullName":"PATCH /api/reservas/[id]/cancelar debería devolver 409 cuando la reserva ya está cancelada","invocations":1,"location":null,"numPassingAsserts":2,"retryReasons":[],"startAt":1774527211130,"status":"passed","title":"debería devolver 409 cuando la reserva ya está cancelada"},{"ancestorTitles":["PATCH /api/reservas/[id]/cancelar"],"duration":1,"failing":false,"failureDetails":[],"failureMessages":[],"fullName":"PATCH /api/reservas/[id]/cancelar debería devolver 409 cuando el ciudadano intenta cancelar con menos de 2 horas de antelación","invocations":1,"location":null,"numPassingAsserts":2,"retryReasons":[],"startAt":1774527211130,"status":"passed","title":"debería devolver 409 cuando el ciudadano intenta cancelar con menos de 2 horas de antelación"},{"ancestorTitles":["PATCH /api/reservas/[id]/cancelar"],"duration":1,"failing":false,"failureDetails":[],"failureMessages":[],"fullName":"PATCH /api/reservas/[id]/cancelar debería llamar a prisma.reserva.update con estado CANCELADA al cancelar correctamente","invocations":1,"location":null,"numPassingAsserts":1,"retryReasons":[],"startAt":1774527211131,"status":"passed","title":"debería llamar a prisma.reserva.update con estado CANCELADA al cancelar correctamente"}],"endTime":1774527211132,"message":"","name":"C:\\Users\\anton\\OneDrive - UNIVERSIDAD DE SEVILLA\\Escritorio\\proyecto claude code\\reserva-instalaciones\\src\\__tests__\\api\\cancelar.test.ts","startTime":1774527211086,"status":"passed","summary":""},{"assertionResults":[{"ancestorTitles":["GET /api/instalaciones"],"duration":2,"failing":false,"failureDetails":[],"failureMessages":[],"fullName":"GET /api/instalaciones debería devolver la lista de instalaciones activas sin requerir autenticación","invocations":1,"location":null,"numPassingAsserts":4,"retryReasons":[],"startAt":1774527211169,"status":"passed","title":"debería devolver la lista de instalaciones activas sin requerir autenticación"},{"ancestorTitles":["GET /api/instalaciones"],"duration":1,"failing":false,"failureDetails":[],"failureMessages":[],"fullName":"GET /api/instalaciones debería incluir el campo horario en la respuesta","invocations":1,"location":null,"numPassingAsserts":3,"retryReasons":[],"startAt":1774527211171,"status":"passed","title":"debería incluir el campo horario en la respuesta"},{"ancestorTitles":["GET /api/instalaciones"],"duration":0,"failing":false,"failureDetails":[],"failureMessages":[],"fullName":"GET /api/instalaciones debería devolver un array vacío cuando no hay instalaciones activas","invocations":1,"location":null,"numPassingAsserts":2,"retryReasons":[],"startAt":1774527211172,"status":"passed","title":"debería devolver un array vacío cuando no hay instalaciones activas"},{"ancestorTitles":["GET /api/instalaciones"],"duration":1,"failing":false,"failureDetails":[],"failureMessages":[],"fullName":"GET /api/instalaciones debería llamar a findMany filtrando por instalaciones activas y tenantId","invocations":1,"location":null,"numPassingAsserts":1,"retryReasons":[],"startAt":1774527211172,"status":"passed","title":"debería llamar a findMany filtrando por instalaciones activas y tenantId"},{"ancestorTitles":["GET /api/instalaciones"],"duration":0,"failing":false,"failureDetails":[],"failureMessages":[],"fullName":"GET /api/instalaciones debería devolver 400 si falta el header x-tenant-id","invocations":1,"location":null,"numPassingAsserts":2,"retryReasons":[],"startAt":1774527211173,"status":"passed","title":"debería devolver 400 si falta el header x-tenant-id"}],"endTime":1774527211174,"message":"","name":"C:\\Users\\anton\\OneDrive - UNIVERSIDAD DE SEVILLA\\Escritorio\\proyecto claude code\\reserva-instalaciones\\src\\__tests__\\api\\instalaciones.test.ts","startTime":1774527211135,"status":"passed","summary":""},{"assertionResults":[{"ancestorTitles":["GET /api/reservas/mis-reservas"],"duration":1,"failing":false,"failureDetails":[],"failureMessages":[],"fullName":"GET /api/reservas/mis-reservas debería devolver 401 cuando el usuario no está autenticado","invocations":1,"location":null,"numPassingAsserts":2,"retryReasons":[],"startAt":1774527211212,"status":"passed","title":"debería devolver 401 cuando el usuario no está autenticado"},{"ancestorTitles":["GET /api/reservas/mis-reservas"],"duration":1,"failing":false,"failureDetails":[],"failureMessages":[],"fullName":"GET /api/reservas/mis-reservas debería devolver 200 con activas e historial cuando el usuario está autenticado","invocations":1,"location":null,"numPassingAsserts":5,"retryReasons":[],"startAt":1774527211213,"status":"passed","title":"debería devolver 200 con activas e historial cuando el usuario está autenticado"},{"ancestorTitles":["GET /api/reservas/mis-reservas"],"duration":0,"failing":false,"failureDetails":[],"failureMessages":[],"fullName":"GET /api/reservas/mis-reservas debería devolver arrays vacíos cuando el usuario no tiene reservas","invocations":1,"location":null,"numPassingAsserts":3,"retryReasons":[],"startAt":1774527211214,"status":"passed","title":"debería devolver arrays vacíos cuando el usuario no tiene reservas"},{"ancestorTitles":["GET /api/reservas/mis-reservas"],"duration":1,"failing":false,"failureDetails":[],"failureMessages":[],"fullName":"GET /api/reservas/mis-reservas debería consultar únicamente las reservas del usuario autenticado","invocations":1,"location":null,"numPassingAsserts":3,"retryReasons":[],"startAt":1774527211214,"status":"passed","title":"debería consultar únicamente las reservas del usuario autenticado"}],"endTime":1774527211215,"message":"","name":"C:\\Users\\anton\\OneDrive - UNIVERSIDAD DE SEVILLA\\Escritorio\\proyecto claude code\\reserva-instalaciones\\src\\__tests__\\api\\mis-reservas.test.ts","startTime":1774527211177,"status":"passed","summary":""},{"assertionResults":[{"ancestorTitles":["Rate Limiting en /login","verificarRateLimit"],"duration":1,"failing":false,"failureDetails":[],"failureMessages":[],"fullName":"Rate Limiting en /login verificarRateLimit debería permitir el primer intento fallido","invocations":1,"location":null,"numPassingAsserts":2,"retryReasons":[],"startAt":1774527211252,"status":"passed","title":"debería permitir el primer intento fallido"},{"ancestorTitles":["Rate Limiting en /login","verificarRateLimit"],"duration":0,"failing":false,"failureDetails":[],"failureMessages":[],"fullName":"Rate Limiting en /login verificarRateLimit debería permitir hasta 5 intentos fallidos","invocations":1,"location":null,"numPassingAsserts":2,"retryReasons":[],"startAt":1774527211253,"status":"passed","title":"debería permitir hasta 5 intentos fallidos"},{"ancestorTitles":["Rate Limiting en /login","verificarRateLimit"],"duration":0,"failing":false,"failureDetails":[],"failureMessages":[],"fullName":"Rate Limiting en /login verificarRateLimit debería bloquear después de 5 intentos fallidos","invocations":1,"location":null,"numPassingAsserts":2,"retryReasons":[],"startAt":1774527211253,"status":"passed","title":"debería bloquear después de 5 intentos fallidos"},{"ancestorTitles":["Rate Limiting en /login","verificarRateLimit"],"duration":1,"failing":false,"failureDetails":[],"failureMessages":[],"fullName":"Rate Limiting en /login verificarRateLimit debería registrar diferentes IPs por separado","invocations":1,"location":null,"numPassingAsserts":2,"retryReasons":[],"startAt":1774527211253,"status":"passed","title":"debería registrar diferentes IPs por separado"},{"ancestorTitles":["Rate Limiting en /login","resetearRateLimit"],"duration":0,"failing":false,"failureDetails":[],"failureMessages":[],"fullName":"Rate Limiting en /login resetearRateLimit debería limpiar el contador de una IP","invocations":1,"location":null,"numPassingAsserts":2,"retryReasons":[],"startAt":1774527211254,"status":"passed","title":"debería limpiar el contador de una IP"},{"ancestorTitles":["Rate Limiting en /login","resetearRateLimit"],"duration":0,"failing":false,"failureDetails":[],"failureMessages":[],"fullName":"Rate Limiting en /login resetearRateLimit debería permitir nuevos intentos después de reset","invocations":1,"location":null,"numPassingAsserts":2,"retryReasons":[],"startAt":1774527211254,"status":"passed","title":"debería permitir nuevos intentos después de reset"},{"ancestorTitles":["Rate Limiting en /login","Configuración de rate limit"],"duration":0,"failing":false,"failureDetails":[],"failureMessages":[],"fullName":"Rate Limiting en /login Configuración de rate limit debería usar máximo 5 intentos fallidos por defecto","invocations":1,"location":null,"numPassingAsserts":2,"retryReasons":[],"startAt":1774527211254,"status":"passed","title":"debería usar máximo 5 intentos fallidos por defecto"},{"ancestorTitles":["Rate Limiting en /login","Configuración de rate limit"],"duration":1,"failing":false,"failureDetails":[],"failureMessages":[],"fullName":"Rate Limiting en /login Configuración de rate limit debería usar ventana de 15 minutos por defecto","invocations":1,"location":null,"numPassingAsserts":1,"retryReasons":[],"startAt":1774527211254,"status":"passed","title":"debería usar ventana de 15 minutos por defecto"},{"ancestorTitles":["Rate Limiting en /login","Escenarios de login"],"duration":0,"failing":false,"failureDetails":[],"failureMessages":[],"fullName":"Rate Limiting en /login Escenarios de login debería permitir login exitoso sin penalización","invocations":1,"location":null,"numPassingAsserts":2,"retryReasons":[],"startAt":1774527211255,"status":"passed","title":"debería permitir login exitoso sin penalización"},{"ancestorTitles":["Rate Limiting en /login","Escenarios de login"],"duration":0,"failing":false,"failureDetails":[],"failureMessages":[],"fullName":"Rate Limiting en /login Escenarios de login debería contar intentos fallidos consecutivos","invocations":1,"location":null,"numPassingAsserts":3,"retryReasons":[],"startAt":1774527211255,"status":"passed","title":"debería contar intentos fallidos consecutivos"},{"ancestorTitles":["Rate Limiting en /login","Escenarios de login"],"duration":0,"failing":false,"failureDetails":[],"failureMessages":[],"fullName":"Rate Limiting en /login Escenarios de login debería bloquear después del quinto intento fallido","invocations":1,"location":null,"numPassingAsserts":6,"retryReasons":[],"startAt":1774527211255,"status":"passed","title":"debería bloquear después del quinto intento fallido"}],"endTime":1774527211256,"message":"","name":"C:\\Users\\anton\\OneDrive - UNIVERSIDAD DE SEVILLA\\Escritorio\\proyecto claude code\\reserva-instalaciones\\src\\__tests__\\api\\rate-limit.test.ts","startTime":1774527211224,"status":"passed","summary":""}],"wasInterrupted":false}
