{"numFailedTestSuites":0,"numFailedTests":0,"numPassedTestSuites":1,"numPassedTests":12,"numPendingTestSuites":0,"numPendingTests":0,"numRuntimeErrorTestSuites":0,"numTodoTests":0,"numTotalTestSuites":1,"numTotalTests":12,"openHandles":[],"snapshot":{"added":0,"didUpdate":false,"failure":false,"filesAdded":0,"filesRemoved":0,"filesRemovedList":[],"filesUnmatched":0,"filesUpdated":0,"matched":0,"total":0,"unchecked":0,"uncheckedKeysByFile":[],"unmatched":0,"updated":0},"startTime":1774527198968,"success":true,"testResults":[{"assertionResults":[{"ancestorTitles":["extraerSlugDelHost"],"duration":2,"failing":false,"failureDetails":[],"failureMessages":[],"fullName":"extraerSlugDelHost devuelve \"desarrollo\" para \"localhost:3000\"","invocations":1,"location":null,"numPassingAsserts":1,"retryReasons":[],"startAt":1774527199154,"status":"passed","title":"devuelve \"desarrollo\" para \"localhost:3000\""},{"ancestorTitles":["extraerSlugDelHost"],"duration":1,"failing":false,"failureDetails":[],"failureMessages":[],"fullName":"extraerSlugDelHost devuelve \"desarrollo\" para \"localhost\" sin puerto","invocations":1,"location":null,"numPassingAsserts":1,"retryReasons":[],"startAt":1774527199156,"status":"passed","title":"devuelve \"desarrollo\" para \"localhost\" sin puerto"},{"ancestorTitles":["extraerSlugDelHost"],"duration":0,"failing":false,"failureDetails":[],"failureMessages":[],"fullName":"extraerSlugDelHost devuelve \"desarrollo\" para \"127.0.0.1:3000\"","invocations":1,"location":null,"numPassingAsserts":1,"retryReasons":[],"startAt":1774527199157,"status":"passed","title":"devuelve \"desarrollo\" para \"127.0.0.1:3000\""},{"ancestorTitles":["extraerSlugDelHost"],"duration":0,"failing":false,"failureDetails":[],"failureMessages":[],"fullName":"extraerSlugDelHost devuelve \"sevilla\" para \"reservas.ayto-sevilla.es\"","invocations":1,"location":null,"numPassingAsserts":1,"retryReasons":[],"startAt":1774527199157,"status":"passed","title":"devuelve \"sevilla\" para \"reservas.ayto-sevilla.es\""},{"ancestorTitles":["extraerSlugDelHost"],"duration":0,"failing":false,"failureDetails":[],"failureMessages":[],"fullName":"extraerSlugDelHost devuelve \"malaga\" para \"reservas.ayto-malaga.es\"","invocations":1,"location":null,"numPassingAsserts":1,"retryReasons":[],"startAt":1774527199157,"status":"passed","title":"devuelve \"malaga\" para \"reservas.ayto-malaga.es\""},{"ancestorTitles":["extraerSlugDelHost"],"duration":1,"failing":false,"failureDetails":[],"failureMessages":[],"fullName":"extraerSlugDelHost devuelve \"granada\" para \"reservas.ayto-granada.es\"","invocations":1,"location":null,"numPassingAsserts":1,"retryReasons":[],"startAt":1774527199157,"status":"passed","title":"devuelve \"granada\" para \"reservas.ayto-granada.es\""},{"ancestorTitles":["extraerSlugDelHost"],"duration":0,"failing":false,"failureDetails":[],"failureMessages":[],"fullName":"extraerSlugDelHost devuelve \"desarrollo\" para hosts no reconocidos","invocations":1,"location":null,"numPassingAsserts":1,"retryReasons":[],"startAt":1774527199158,"status":"passed","title":"devuelve \"desarrollo\" para hosts no reconocidos"},{"ancestorTitles":["extraerSlugDelHost"],"duration":0,"failing":false,"failureDetails":[],"failureMessages":[],"fullName":"extraerSlugDelHost devuelve \"desarrollo\" para host vacío","invocations":1,"location":null,"numPassingAsserts":1,"retryReasons":[],"startAt":1774527199158,"status":"passed","title":"devuelve \"desarrollo\" para host vacío"},{"ancestorTitles":["obtenerTenantIdPorSlug"],"duration":1,"failing":false,"failureDetails":[],"failureMessages":[],"fullName":"obtenerTenantIdPorSlug devuelve el id correcto para un slug existente con estado ACTIVO","invocations":1,"location":null,"numPassingAsserts":1,"retryReasons":[],"startAt":1774527199158,"status":"passed","title":"devuelve el id correcto para un slug existente con estado ACTIVO"},{"ancestorTitles":["obtenerTenantIdPorSlug"],"duration":0,"failing":false,"failureDetails":[],"failureMessages":[],"fullName":"obtenerTenantIdPorSlug devuelve null para un slug que no existe","invocations":1,"location":null,"numPassingAsserts":1,"retryReasons":[],"startAt":1774527199159,"status":"passed","title":"devuelve null para un slug que no existe"},{"ancestorTitles":["obtenerTenantIdPorSlug"],"duration":1,"failing":false,"failureDetails":[],"failureMessages":[],"fullName":"obtenerTenantIdPorSlug devuelve null para un tenant con estado SUSPENDIDO","invocations":1,"location":null,"numPassingAsserts":2,"retryReasons":[],"startAt":1774527199160,"status":"passed","title":"devuelve null para un tenant con estado SUSPENDIDO"},{"ancestorTitles":["obtenerTenantIdPorSlug"],"duration":0,"failing":false,"failureDetails":[],"failureMessages":[],"fullName":"obtenerTenantIdPorSlug consulta prisma con el slug y estado ACTIVO correctos","invocations":1,"location":null,"numPassingAsserts":1,"retryReasons":[],"startAt":1774527199161,"status":"passed","title":"consulta prisma con el slug y estado ACTIVO correctos"}],"endTime":1774527199162,"message":"","name":"C:\\Users\\anton\\OneDrive - UNIVERSIDAD DE SEVILLA\\Escritorio\\proyecto claude code\\reserva-instalaciones\\src\\__tests__\\api\\tenant.test.ts","startTime":1774527199009,"status":"passed","summary":""}],"wasInterrupted":false}
